<?xml version="1.0" encoding="UTF-8"?>
<!-- Generated by org.testng.reporters.JUnitXMLReporter -->
<testsuite hostname="Ty_Nguyen" name="Login guru on Chrome" tests="43" failures="0" timestamp="20 Jun 2019 08:23:20 GMT" time="191.052" errors="0">
  <testcase name="TC_01" time="20.474" classname="com.bankguru.testcase.RegisterScript"/>
  <testcase name="TC_01_PresskeyTab" time="0.203" classname="com.bankguru.testcase.NewCustomerScript"/>
  <testcase name="TC_02_inputNumberCustomerName" time="0.135" classname="com.bankguru.testcase.NewCustomerScript"/>
  <testcase name="TC_03_inputNumberSpecialCharacterName" time="0.115" classname="com.bankguru.testcase.NewCustomerScript"/>
  <testcase name="TC_04_pressKeyTabCustomerName" time="0.114" classname="com.bankguru.testcase.NewCustomerScript"/>
  <testcase name="TC_05_pressKeyTabAddress" time="0.108" classname="com.bankguru.testcase.NewCustomerScript"/>
  <testcase name="TC_06_pressKeySpaceAddress" time="0.097" classname="com.bankguru.testcase.NewCustomerScript"/>
  <testcase name="TC_08_pressKeyTabCity" time="0.146" classname="com.bankguru.testcase.NewCustomerScript"/>
  <testcase name="TC_09_inputNumberCity" time="0.129" classname="com.bankguru.testcase.NewCustomerScript"/>
  <testcase name="TC_10_inputspecialcharacterCity" time="0.36" classname="com.bankguru.testcase.NewCustomerScript"/>
  <testcase name="TC_11_pressKeySpaceCity" time="0.103" classname="com.bankguru.testcase.NewCustomerScript"/>
  <testcase name="TC_12_pressKeyTabState" time="0.13" classname="com.bankguru.testcase.NewCustomerScript"/>
  <testcase name="TC_13_inputNumberState" time="0.122" classname="com.bankguru.testcase.NewCustomerScript"/>
  <testcase name="TC_14_inputSpecialCharacterState" time="0.131" classname="com.bankguru.testcase.NewCustomerScript"/>
  <testcase name="TC_15_pressKeyState" time="0.091" classname="com.bankguru.testcase.NewCustomerScript"/>
  <testcase name="TC_16_1_inputNumberPin" time="0.114" classname="com.bankguru.testcase.NewCustomerScript"/>
  <testcase name="TC_16_2_inputPinCharacter" time="0.116" classname="com.bankguru.testcase.NewCustomerScript"/>
  <testcase name="TC_17_pressTabPin" time="0.112" classname="com.bankguru.testcase.NewCustomerScript"/>
  <testcase name="TC_19_inputPinspecialCharacter" time="0.115" classname="com.bankguru.testcase.NewCustomerScript"/>
  <testcase name="TC_20_pressTabPin" time="0.109" classname="com.bankguru.testcase.NewCustomerScript"/>
  <testcase name="TC_21_pressTabMobileNumber" time="0.117" classname="com.bankguru.testcase.NewCustomerScript"/>
  <testcase name="TC_22_pressSpaceMobileNumber" time="0.114" classname="com.bankguru.testcase.NewCustomerScript"/>
  <testcase name="TC_24_inputNumberMobileNumber" time="0.111" classname="com.bankguru.testcase.NewCustomerScript"/>
  <testcase name="TC_25_inputspecialCharacterMobileNumber" time="0.121" classname="com.bankguru.testcase.NewCustomerScript"/>
  <testcase name="TC_26_pressTabEmail" time="0.095" classname="com.bankguru.testcase.NewCustomerScript"/>
  <testcase name="TC_29_pressTabEmail" time="0.158" classname="com.bankguru.testcase.NewCustomerScript"/>
  <testcase name="TC_30_inputnewCustomervalid" time="5.965" classname="com.bankguru.testcase.NewCustomerScript"/>
  <testcase name="TC_01_pressKeyTabCustomerId" time="0.181" classname="com.bankguru.testcase.EditCustomerScript"/>
  <testcase name="TC_02_inputCustomerIDnumberandCharacter" time="0.106" classname="com.bankguru.testcase.EditCustomerScript"/>
  <testcase name="TC_03_inputCustomerIDspecialCharacter" time="0.11" classname="com.bankguru.testcase.EditCustomerScript"/>
  <testcase name="TC_04_inputCustomerIDCharacter" time="0.093" classname="com.bankguru.testcase.EditCustomerScript"/>
  <testcase name="TC_05_inputCustomerIDvalid" time="1.391" classname="com.bankguru.testcase.EditCustomerScript"/>
  <testcase name="TC_08_clearAddress" time="1.8" classname="com.bankguru.testcase.EditCustomerScript"/>
  <testcase name="TC_09_clearAddressandpressTabAddress" time="1.739" classname="com.bankguru.testcase.EditCustomerScript"/>
  <testcase name="TC_10_clearAddressandinputAddressspecialCharacter" time="2.128" classname="com.bankguru.testcase.EditCustomerScript"/>
  <testcase name="TC_11_clearAddressandpressKeyTabCity" time="2.433" classname="com.bankguru.testcase.EditCustomerScript"/>
  <testcase name="TC_12_inputNumberCity" time="2.48" classname="com.bankguru.testcase.EditCustomerScript"/>
  <testcase name="TC_14_editStatewithnumberandspecialcharacter" time="2.466" classname="com.bankguru.testcase.EditCustomerScript"/>
  <testcase name="TC_16_EditPinnumbernotenoughandSpecialCharacter" time="2.701" classname="com.bankguru.testcase.EditCustomerScript"/>
  <testcase name="TC_17_EditCitypressKeyTabandSPACE" time="2.847" classname="com.bankguru.testcase.EditCustomerScript"/>
  <testcase name="TC_18_EditStatepressKeyTabaandcharacterandSPACE" time="2.511" classname="com.bankguru.testcase.EditCustomerScript"/>
  <testcase name="TC_19_EditEmailpressKeyTabaandcharacterSPACE" time="2.563" classname="com.bankguru.testcase.EditCustomerScript"/>
  <testcase name="TC_20_EditEmailwrongemailandspecialCharacter" time="2.621" classname="com.bankguru.testcase.EditCustomerScript"/>
</testsuite> <!-- Login guru on Chrome -->
